<?xml version="1.0" encoding="UTF-8"?>
<!-- Generated by org.testng.reporters.JUnitReportReporter -->
<testsuite hostname="LAPTOP-8UKHKL7O" failures="0" tests="2" name="OAuth2.oAuthorization.AuthorizationOAuth" time="3.625" errors="0" timestamp="2024-07-18T12:12:31 IST" skipped="0">
  <testcase classname="OAuth2.oAuthorization.AuthorizationOAuth" name="ListInvoice" time="0.846"/>
  <system-out/>
  <testcase classname="OAuth2.oAuthorization.AuthorizationOAuth" name="GetAccessToken" time="2.779"/>
  <system-out/>
</testsuite> <!-- OAuth2.oAuthorization.AuthorizationOAuth -->
