<?xml version="1.0" encoding="UTF-8"?>
<!-- Generated by org.testng.reporters.JUnitReportReporter -->
<testsuite hostname="LAPTOP-8UKHKL7O" failures="0" tests="1" name="Test_DeleteMethod" time="2.693" errors="0" timestamp="2024-07-16T16:00:51 IST" skipped="0">
  <testcase classname="Test_DeleteMethod" name="test06" time="2.693"/>
  <system-out/>
</testsuite> <!-- Test_DeleteMethod -->
