<?xml version="1.0" encoding="UTF-8"?>
<!-- Generated by org.testng.reporters.JUnitReportReporter -->
<testsuite hostname="LAPTOP-8UKHKL7O" failures="0" tests="2" name="AuthenticationOrAuthorization.AuthorizationDemo" time="7.280" errors="0" timestamp="2024-07-17T15:49:21 IST" skipped="0">
  <testcase classname="AuthenticationOrAuthorization.AuthorizationDemo" name="DigestAuth" time="2.697"/>
  <system-out/>
  <testcase classname="AuthenticationOrAuthorization.AuthorizationDemo" name="BasicAuth" time="4.583"/>
  <system-out/>
</testsuite> <!-- AuthenticationOrAuthorization.AuthorizationDemo -->
