<?xml version="1.0" encoding="UTF-8"?>
<!-- Generated by org.testng.reporters.JUnitReportReporter -->
<testsuite hostname="LAPTOP-8UKHKL7O" failures="0" tests="3" name="ValidateHTTPReqStatus.CheckForValidResponse" time="1.575" errors="0" timestamp="2024-07-16T17:16:00 IST" skipped="2">
  <testcase classname="ValidateHTTPReqStatus.CheckForValidResponse" name="GetSingleUserBDDStyle" time="1.575"/>
  <system-out/>
  <testcase classname="ValidateHTTPReqStatus.CheckForValidResponse" name="GetSingleUser">
    <skipped/>
  </testcase> <!-- GetSingleUser -->
  <system-out/>
  <testcase classname="ValidateHTTPReqStatus.CheckForValidResponse" name="GetSingleUserValidatableResponse">
    <skipped/>
  </testcase> <!-- GetSingleUserValidatableResponse -->
  <system-out/>
</testsuite> <!-- ValidateHTTPReqStatus.CheckForValidResponse -->
