<?xml version="1.0" encoding="UTF-8"?>
<!-- Generated by org.testng.reporters.JUnitReportReporter -->
<testsuite hostname="LAPTOP-8UKHKL7O" failures="0" tests="1" name="FirstGetRequest" time="1.594" errors="0" timestamp="2024-07-16T12:14:11 IST" skipped="0">
  <testcase classname="FirstGetRequest" name="testcase01" time="1.594"/>
  <system-out/>
</testsuite> <!-- FirstGetRequest -->
