<?xml version="1.0" encoding="UTF-8"?>
<!-- Generated by org.testng.reporters.JUnitReportReporter -->
<testsuite hostname="LAPTOP-8UKHKL7O" failures="0" tests="1" name="Test_PutMethod" time="1.725" errors="0" timestamp="2024-07-16T14:40:12 IST" skipped="0">
  <testcase classname="Test_PutMethod" name="test04" time="1.725"/>
  <system-out/>
</testsuite> <!-- Test_PutMethod -->
