<?xml version="1.0" encoding="UTF-8"?>
<!-- Generated by org.testng.reporters.JUnitReportReporter -->
<testsuite hostname="LAPTOP-8UKHKL7O" failures="0" tests="1" name="AuthenticationOrAuthorization.ApiKeyAuthorization" time="2.767" errors="0" timestamp="2024-07-17T16:59:21 IST" skipped="0">
  <testcase classname="AuthenticationOrAuthorization.ApiKeyAuthorization" name="GetWheatherDataByCity" time="2.767"/>
  <system-out/>
</testsuite> <!-- AuthenticationOrAuthorization.ApiKeyAuthorization -->
