<?xml version="1.0" encoding="UTF-8"?>
<!-- Generated by org.testng.reporters.JUnitReportReporter -->
<testsuite hostname="LAPTOP-8UKHKL7O" failures="0" tests="1" name="Test_PostMethod" time="2.937" errors="0" timestamp="2024-07-16T14:30:23 IST" skipped="0">
  <testcase classname="Test_PostMethod" name="test03" time="2.937"/>
  <system-out/>
</testsuite> <!-- Test_PostMethod -->
