<?xml version="1.0" encoding="UTF-8"?>
<!-- Generated by org.testng.reporters.JUnitReportReporter -->
<testsuite hostname="LAPTOP-8UKHKL7O" failures="0" tests="1" name="ValidateJsonRequest.ValidateJSONResBody" time="2.294" errors="0" timestamp="2024-07-17T10:32:05 IST" skipped="0">
  <testcase classname="ValidateJsonRequest.ValidateJSONResBody" name="UserListResBody" time="2.294"/>
  <system-out/>
</testsuite> <!-- ValidateJsonRequest.ValidateJSONResBody -->
