<?xml version="1.0" encoding="UTF-8"?>
<!-- Generated by org.testng.reporters.JUnitReportReporter -->
<testsuite hostname="LAPTOP-8UKHKL7O" failures="0" tests="1" name="Test_PatchMethod" time="3.171" errors="0" timestamp="2024-07-16T15:52:49 IST" skipped="0">
  <testcase classname="Test_PatchMethod" name="test05" time="3.171"/>
  <system-out/>
</testsuite> <!-- Test_PatchMethod -->
