<?xml version="1.0" encoding="UTF-8"?>
<!-- Generated by org.testng.reporters.JUnitReportReporter -->
<testsuite hostname="LAPTOP-8UKHKL7O" failures="0" tests="2" name="Test_GetMethod" time="3.336" errors="0" timestamp="2024-07-16T14:16:35 IST" skipped="0">
  <testcase classname="Test_GetMethod" name="test02" time="1.364"/>
  <system-out/>
  <testcase classname="Test_GetMethod" name="test01" time="1.972"/>
  <system-out/>
</testsuite> <!-- Test_GetMethod -->
