<?xml version="1.0" encoding="UTF-8"?>
<!-- Generated by org.testng.reporters.JUnitReportReporter -->
<testsuite hostname="LAPTOP-8UKHKL7O" failures="0" tests="1" name="AuthenticationOrAuthorization.AuthorizationBearerDemo" time="2.474" errors="0" timestamp="2024-07-17T16:26:20 IST" skipped="0">
  <testcase classname="AuthenticationOrAuthorization.AuthorizationBearerDemo" name="BearerToken" time="2.474"/>
  <system-out/>
</testsuite> <!-- AuthenticationOrAuthorization.AuthorizationBearerDemo -->
